-------------------------------------------------------------------------------
Test set: com.xxxx.seckilldemo.SeckillDemoApplicationTests
-------------------------------------------------------------------------------
Tests run: 1, Failures: 0, Errors: 1, Skipped: 0, Time elapsed: 0.262 s <<< FAILURE! - in com.xxxx.seckilldemo.SeckillDemoApplicationTests
com.xxxx.seckilldemo.SeckillDemoApplicationTests  Time elapsed: 0.261 s  <<< ERROR!
java.lang.IllegalStateException: Unable to find a @SpringBootConfiguration, you need to use @ContextConfiguration or @SpringBootTest(classes=...) with your test

