<?xml version="1.0" encoding="UTF-8"?>
<testsuite xmlns:xsi="http://www.w3.org/2001/XMLSchema-instance" xsi:noNamespaceSchemaLocation="https://maven.apache.org/surefire/maven-surefire-plugin/xsd/surefire-test-report.xsd" name="com.xxxx.seckilldemo.SeckillDemoApplicationTests" time="0.262" tests="1" errors="1" skipped="0" failures="0">
  <properties>
[...]
</properties>
  <testcase name="com.xxxx.seckilldemo.SeckillDemoApplicationTests" classname="com.xxxx.seckilldemo.SeckillDemoApplicationTests" time="0.261">
    <error message="Unable to find a @SpringBootConfiguration, you need to use @ContextConfiguration or @SpringBootTest(classes=...) with your test" type="java.lang.IllegalStateException">java.lang.IllegalStateException: Unable to find a @SpringBootConfiguration, you need to use @ContextConfiguration or @SpringBootTest(classes=...) with your test
</error>
    <system-out><![CDATA[17:00:06.793 [main] DEBUG org.springframework.test.context.BootstrapUtils - Instantiating CacheAwareContextLoaderDelegate from class [org.springframework.test.context.cache.DefaultCacheAwareContextLoaderDelegate]
17:00:06.805 [main] DEBUG org.springframework.test.context.BootstrapUtils - Instantiating BootstrapContext using constructor [public org.springframework.test.context.support.DefaultBootstrapContext(java.lang.Class,org.springframework.test.context.CacheAwareContextLoaderDelegate)]
17:00:06.838 [main] DEBUG org.springframework.test.context.BootstrapUtils - Instantiating TestContextBootstrapper for test class [com.xxxx.seckilldemo.SeckillDemoApplicationTests] from class [org.springframework.boot.test.context.SpringBootTestContextBootstrapper]
17:00:06.851 [main] INFO org.springframework.boot.test.context.SpringBootTestContextBootstrapper - Neither @ContextConfiguration nor @ContextHierarchy found for test class [com.xxxx.seckilldemo.SeckillDemoApplicationTests], using SpringBootContextLoader
17:00:06.855 [main] DEBUG org.springframework.test.context.support.AbstractContextLoader - Did not detect default resource location for test class [com.xxxx.seckilldemo.SeckillDemoApplicationTests]: class path resource [com/xxxx/seckilldemo/SeckillDemoApplicationTests-context.xml] does not exist
17:00:06.855 [main] DEBUG org.springframework.test.context.support.AbstractContextLoader - Did not detect default resource location for test class [com.xxxx.seckilldemo.SeckillDemoApplicationTests]: class path resource [com/xxxx/seckilldemo/SeckillDemoApplicationTestsContext.groovy] does not exist
17:00:06.855 [main] INFO org.springframework.test.context.support.AbstractContextLoader - Could not detect default resource locations for test class [com.xxxx.seckilldemo.SeckillDemoApplicationTests]: no resource found for suffixes {-context.xml, Context.groovy}.
17:00:06.856 [main] INFO org.springframework.test.context.support.AnnotationConfigContextLoaderUtils - Could not detect default configuration classes for test class [com.xxxx.seckilldemo.SeckillDemoApplicationTests]: SeckillDemoApplicationTests does not declare any static, non-private, non-final, nested classes annotated with @Configuration.
17:00:06.906 [main] DEBUG org.springframework.test.context.support.ActiveProfilesUtils - Could not find an 'annotation declaring class' for annotation type [org.springframework.test.context.ActiveProfiles] and class [com.xxxx.seckilldemo.SeckillDemoApplicationTests]
]]></system-out>
  </testcase>
</testsuite>